0 info it worked if it ends with ok
1 verbose cli [ '/usr/local/bin/node',
1 verbose cli   '/usr/local/bin/npm',
1 verbose cli   'install',
1 verbose cli   'generator-angular',
1 verbose cli   '–g' ]
2 info using npm@3.9.2
3 info using node@v4.4.4
4 silly loadCurrentTree Starting
5 silly install loadCurrentTree
6 silly install readLocalPackageData
7 silly fetchPackageMetaData generator-angular
8 silly fetchPackageMetaData –g
9 silly fetchNamedPackageData generator-angular
10 silly mapToRegistry name generator-angular
11 silly mapToRegistry using default registry
12 silly mapToRegistry registry https://registry.npmjs.org/
13 silly mapToRegistry data Result {
13 silly mapToRegistry   raw: 'generator-angular',
13 silly mapToRegistry   scope: null,
13 silly mapToRegistry   name: 'generator-angular',
13 silly mapToRegistry   rawSpec: '',
13 silly mapToRegistry   spec: 'latest',
13 silly mapToRegistry   type: 'tag' }
14 silly mapToRegistry uri https://registry.npmjs.org/generator-angular
15 silly fetchOtherPackageData –g
16 silly cache add args [ '–g', null ]
17 verbose cache add spec –g
18 silly cache add parsed spec Result {
18 silly cache add   raw: '–g',
18 silly cache add   scope: null,
18 silly cache add   name: null,
18 silly cache add   rawSpec: '–g',
18 silly cache add   spec: '/Users/aggeloskappos/Desktop/WebstormProjects/conFusion/–g',
18 silly cache add   type: 'local' }
19 error addLocal Could not install /Users/aggeloskappos/Desktop/WebstormProjects/conFusion/–g
20 silly fetchPackageMetaData Error: ENOENT: no such file or directory, open '/Users/aggeloskappos/Desktop/WebstormProjects/conFusion/–g'
20 silly fetchPackageMetaData     at Error (native)
20 silly fetchPackageMetaData  error for –g { [Error: ENOENT: no such file or directory, open '/Users/aggeloskappos/Desktop/WebstormProjects/conFusion/–g']
20 silly fetchPackageMetaData   errno: -2,
20 silly fetchPackageMetaData   code: 'ENOENT',
20 silly fetchPackageMetaData   syscall: 'open',
20 silly fetchPackageMetaData   path: '/Users/aggeloskappos/Desktop/WebstormProjects/conFusion/–g' }
21 verbose request uri https://registry.npmjs.org/generator-angular
22 verbose request no auth needed
23 info attempt registry request try #1 at 1:28:44 AM
24 verbose request id 0169bc6f82dd296e
25 verbose etag "46DBOG7MJSHKCK5D6KKHXKD5M"
26 http request GET https://registry.npmjs.org/generator-angular
27 info retry will retry, error on last attempt: TypeError: The header content contains invalid characters
28 info attempt registry request try #2 at 1:28:54 AM
29 verbose etag "46DBOG7MJSHKCK5D6KKHXKD5M"
30 http request GET https://registry.npmjs.org/generator-angular
31 info retry will retry, error on last attempt: TypeError: The header content contains invalid characters
32 info attempt registry request try #3 at 1:29:54 AM
33 verbose etag "46DBOG7MJSHKCK5D6KKHXKD5M"
34 http request GET https://registry.npmjs.org/generator-angular
35 silly get cb [ 304, undefined ]
36 verbose etag https://registry.npmjs.org/generator-angular from cache
37 verbose get saving generator-angular to /Users/aggeloskappos/.npm/registry.npmjs.org/generator-angular/.cache.json
38 verbose correctMkdir /Users/aggeloskappos/.npm correctMkdir not in flight; initializing
39 silly rollbackFailedOptional Starting
40 silly rollbackFailedOptional Finishing
41 silly runTopLevelLifecycles Starting
42 silly runTopLevelLifecycles Finishing
43 silly install printInstalled
44 verbose stack Error: ENOENT: no such file or directory, open '/Users/aggeloskappos/Desktop/WebstormProjects/conFusion/–g'
44 verbose stack     at Error (native)
45 verbose cwd /Users/aggeloskappos/Desktop/WebstormProjects/conFusion
46 error Darwin 14.5.0
47 error argv "/usr/local/bin/node" "/usr/local/bin/npm" "install" "generator-angular" "–g"
48 error node v4.4.4
49 error npm  v3.9.2
50 error path /Users/aggeloskappos/Desktop/WebstormProjects/conFusion/–g
51 error code ENOENT
52 error errno -2
53 error syscall open
54 error enoent ENOENT: no such file or directory, open '/Users/aggeloskappos/Desktop/WebstormProjects/conFusion/–g'
55 error enoent ENOENT: no such file or directory, open '/Users/aggeloskappos/Desktop/WebstormProjects/conFusion/–g'
55 error enoent This is most likely not a problem with npm itself
55 error enoent and is related to npm not being able to find a file.
56 verbose exit [ -2, true ]
